<?xml version="1.0" encoding="UTF-8"?>
<testng-results skipped="0" failed="1" total="3" passed="2">
  <reporter-output>
  </reporter-output>
  <suite name="Default suite" duration-ms="63214" started-at="2015-11-25T12:16:45Z" finished-at="2015-11-25T12:17:48Z">
    <groups>
    </groups>
    <test name="Default test" duration-ms="63214" started-at="2015-11-25T12:16:45Z" finished-at="2015-11-25T12:17:48Z">
      <class name="wb.InxPMS_Login">
        <test-method status="PASS" signature="loginGmail(java.lang.String, java.lang.String)[pri:0, instance:wb.InxPMS_Login@5e88f7]" name="loginGmail" duration-ms="18269" started-at="2015-11-25T17:46:45Z" data-provider="datafromSheet" finished-at="2015-11-25T17:47:03Z">
          <params>
            <param index="0">
              <value>
                <![CDATA[siraj@inheritx.com]]>
              </value>
            </param>
            <param index="1">
              <value>
                <![CDATA[inx@!123]]>
              </value>
            </param>
          </params>
          <reporter-output>
          </reporter-output>
        </test-method> <!-- loginGmail -->
        <test-method status="PASS" signature="browerQuit()[pri:0, instance:wb.InxPMS_Login@5e88f7]" name="browerQuit" is-config="true" duration-ms="412" started-at="2015-11-25T17:47:03Z" finished-at="2015-11-25T17:47:04Z">
          <reporter-output>
          </reporter-output>
        </test-method> <!-- browerQuit -->
        <test-method status="PASS" signature="loginGmail(java.lang.String, java.lang.String)[pri:0, instance:wb.InxPMS_Login@5e88f7]" name="loginGmail" duration-ms="23998" started-at="2015-11-25T17:47:04Z" data-provider="datafromSheet" finished-at="2015-11-25T17:47:28Z">
          <params>
            <param index="0">
              <value>
                <![CDATA[pritesh@inheritx.com]]>
              </value>
            </param>
            <param index="1">
              <value>
                <![CDATA[inx@!123]]>
              </value>
            </param>
          </params>
          <reporter-output>
          </reporter-output>
        </test-method> <!-- loginGmail -->
        <test-method status="PASS" signature="browerQuit()[pri:0, instance:wb.InxPMS_Login@5e88f7]" name="browerQuit" is-config="true" duration-ms="345" started-at="2015-11-25T17:47:28Z" finished-at="2015-11-25T17:47:28Z">
          <reporter-output>
          </reporter-output>
        </test-method> <!-- browerQuit -->
        <test-method status="FAIL" signature="loginGmail(java.lang.String, java.lang.String)[pri:0, instance:wb.InxPMS_Login@5e88f7]" name="loginGmail" duration-ms="19751" started-at="2015-11-25T17:47:28Z" data-provider="datafromSheet" finished-at="2015-11-25T17:47:48Z">
          <params>
            <param index="0">
              <value>
                <![CDATA[pritesh@inheritx.com]]>
              </value>
            </param>
            <param index="1">
              <value>
                <![CDATA[inx@123]]>
              </value>
            </param>
          </params>
          <exception class="java.lang.AssertionError">
            <message>
              <![CDATA[got incorrect title expected [true] but found [false]]]>
            </message>
            <full-stacktrace>
              <![CDATA[java.lang.AssertionError: got incorrect title expected [true] but found [false]
	at org.testng.Assert.fail(Assert.java:94)
	at org.testng.Assert.failNotEquals(Assert.java:494)
	at org.testng.Assert.assertTrue(Assert.java:42)
	at wb.InxPMS_Login.loginGmail(InxPMS_Login.java:41)
	at sun.reflect.NativeMethodAccessorImpl.invoke0(Native Method)
	at sun.reflect.NativeMethodAccessorImpl.invoke(Unknown Source)
	at sun.reflect.DelegatingMethodAccessorImpl.invoke(Unknown Source)
	at java.lang.reflect.Method.invoke(Unknown Source)
	at org.testng.internal.MethodInvocationHelper.invokeMethod(MethodInvocationHelper.java:84)
	at org.testng.internal.Invoker.invokeMethod(Invoker.java:714)
	at org.testng.internal.Invoker.invokeTestMethod(Invoker.java:901)
	at org.testng.internal.Invoker.invokeTestMethods(Invoker.java:1231)
	at org.testng.internal.TestMethodWorker.invokeTestMethods(TestMethodWorker.java:127)
	at org.testng.internal.TestMethodWorker.run(TestMethodWorker.java:111)
	at org.testng.TestRunner.privateRun(TestRunner.java:767)
	at org.testng.TestRunner.run(TestRunner.java:617)
	at org.testng.SuiteRunner.runTest(SuiteRunner.java:334)
	at org.testng.SuiteRunner.runSequentially(SuiteRunner.java:329)
	at org.testng.SuiteRunner.privateRun(SuiteRunner.java:291)
	at org.testng.SuiteRunner.run(SuiteRunner.java:240)
	at org.testng.SuiteRunnerWorker.runSuite(SuiteRunnerWorker.java:52)
	at org.testng.SuiteRunnerWorker.run(SuiteRunnerWorker.java:86)
	at org.testng.TestNG.runSuitesSequentially(TestNG.java:1224)
	at org.testng.TestNG.runSuitesLocally(TestNG.java:1149)
	at org.testng.TestNG.run(TestNG.java:1057)
	at org.testng.remote.RemoteTestNG.run(RemoteTestNG.java:111)
	at org.testng.remote.RemoteTestNG.initAndRun(RemoteTestNG.java:204)
	at org.testng.remote.RemoteTestNG.main(RemoteTestNG.java:175)
]]>
            </full-stacktrace>
          </exception> <!-- java.lang.AssertionError -->
          <reporter-output>
          </reporter-output>
        </test-method> <!-- loginGmail -->
        <test-method status="PASS" signature="browerQuit()[pri:0, instance:wb.InxPMS_Login@5e88f7]" name="browerQuit" is-config="true" duration-ms="269" started-at="2015-11-25T17:47:48Z" finished-at="2015-11-25T17:47:48Z">
          <reporter-output>
          </reporter-output>
        </test-method> <!-- browerQuit -->
      </class> <!-- wb.InxPMS_Login -->
    </test> <!-- Default test -->
  </suite> <!-- Default suite -->
</testng-results>
